<?xml version="1.0" encoding="UTF-8"?>
<!-- Generated by org.testng.reporters.JUnitXMLReporter -->
<testsuite ignored="0" hostname="Nitish-PC" failures="0" tests="6" name="Default test" time="55.483" errors="0" timestamp="2024-10-04T18:30:33 IST">
  <testcase classname="Test.SpringTest.testSce" name="positiveAllFields" time="10.227"/>
  <testcase classname="Test.SpringTest.testSce" name="positiveAllFields" time="8.442"/>
  <testcase classname="Test.SpringTest.testSce" name="positiveAllFields" time="9.268"/>
  <testcase classname="Test.SpringTest.testSce" name="positiveAllFields" time="9.546"/>
  <testcase classname="Test.SpringTest.testSce" name="positiveAllFields" time="9.529"/>
  <testcase classname="Test.SpringTest.testSce" name="positiveAllFields" time="8.406"/>
</testsuite> <!-- Default test -->
