<?xml version="1.0" encoding="UTF-8"?>
<!-- Generated by org.testng.reporters.JUnitXMLReporter -->
<testsuite ignored="0" hostname="Nitish-PC" failures="0" tests="6" name="Test" time="24.529" errors="0" timestamp="2024-10-04T13:10:27 IST">
  <testcase classname="Test.SpringTest.testSce" name="negativeEmail" time="4.831"/>
  <testcase classname="Test.SpringTest.testSce" name="negativeEmail" time="3.766"/>
  <testcase classname="Test.SpringTest.testSce" name="negativeEmail" time="3.938"/>
  <testcase classname="Test.SpringTest.testSce" name="negativeEmail" time="4.008"/>
  <testcase classname="Test.SpringTest.testSce" name="negativeEmail" time="3.938"/>
  <testcase classname="Test.SpringTest.testSce" name="negativeEmail" time="3.955"/>
</testsuite> <!-- Test -->
