<?xml version="1.0" encoding="UTF-8"?>
<testng-results ignored="0" total="6" passed="6" failed="0" skipped="0">
  <reporter-output>
  </reporter-output>
  <suite started-at="2024-10-04T18:29:37 IST" name="Default suite" finished-at="2024-10-04T18:30:33 IST" duration-ms="55483">
    <groups>
      <group name="Positive Scenarios">
        <method signature="testSce.positiveAllFields(java.lang.String,java.lang.String,java.lang.String,java.lang.String)[pri:0, instance:Test.SpringTest.testSce@2cac4385]" name="positiveAllFields" class="Test.SpringTest.testSce"/>
      </group> <!-- Positive Scenarios -->
    </groups>
    <test started-at="2024-10-04T18:29:37 IST" name="Default test" finished-at="2024-10-04T18:30:33 IST" duration-ms="55483">
      <class name="Test.SpringTest.testSce">
        <test-method signature="positiveAllFields(java.lang.String,java.lang.String,java.lang.String,java.lang.String)[pri:0, instance:Test.SpringTest.testSce@2cac4385]" started-at="2024-10-04T18:29:37 IST" name="positiveAllFields" data-provider="dataSet2" finished-at="2024-10-04T18:29:47 IST" duration-ms="10227" status="PASS">
          <params>
            <param index="0">
              <value>
                <![CDATA[Nitish]]>
              </value>
            </param>
            <param index="1">
              <value>
                <![CDATA[Goel]]>
              </value>
            </param>
            <param index="2">
              <value>
                <![CDATA[nitish@gmail.com]]>
              </value>
            </param>
            <param index="3">
              <value>
                <![CDATA[comments]]>
              </value>
            </param>
          </params>
          <reporter-output>
          </reporter-output>
        </test-method> <!-- positiveAllFields -->
        <test-method signature="positiveAllFields(java.lang.String,java.lang.String,java.lang.String,java.lang.String)[pri:0, instance:Test.SpringTest.testSce@2cac4385]" started-at="2024-10-04T18:29:47 IST" name="positiveAllFields" data-provider="dataSet2" finished-at="2024-10-04T18:29:56 IST" duration-ms="8442" status="PASS">
          <params>
            <param index="0">
              <value>
                <![CDATA[Name]]>
              </value>
            </param>
            <param index="1">
              <value>
                <![CDATA[Last]]>
              </value>
            </param>
            <param index="2">
              <value>
                <![CDATA[@.com]]>
              </value>
            </param>
            <param index="3">
              <value>
                <![CDATA[comments]]>
              </value>
            </param>
          </params>
          <reporter-output>
          </reporter-output>
        </test-method> <!-- positiveAllFields -->
        <test-method signature="positiveAllFields(java.lang.String,java.lang.String,java.lang.String,java.lang.String)[pri:0, instance:Test.SpringTest.testSce@2cac4385]" started-at="2024-10-04T18:29:56 IST" name="positiveAllFields" data-provider="dataSet2" finished-at="2024-10-04T18:30:05 IST" duration-ms="9268" status="PASS">
          <params>
            <param index="0">
              <value>
                <![CDATA[NITISH]]>
              </value>
            </param>
            <param index="1">
              <value>
                <![CDATA[XYL]]>
              </value>
            </param>
            <param index="2">
              <value>
                <![CDATA[nitish_123@yahoo.com]]>
              </value>
            </param>
            <param index="3">
              <value>
                <![CDATA[comments]]>
              </value>
            </param>
          </params>
          <reporter-output>
          </reporter-output>
        </test-method> <!-- positiveAllFields -->
        <test-method signature="positiveAllFields(java.lang.String,java.lang.String,java.lang.String,java.lang.String)[pri:0, instance:Test.SpringTest.testSce@2cac4385]" started-at="2024-10-04T18:30:05 IST" name="positiveAllFields" data-provider="dataSet2" finished-at="2024-10-04T18:30:15 IST" duration-ms="9546" status="PASS">
          <params>
            <param index="0">
              <value>
                <![CDATA[TEST USER 3]]>
              </value>
            </param>
            <param index="1">
              <value>
                <![CDATA[USER LAST NAME]]>
              </value>
            </param>
            <param index="2">
              <value>
                <![CDATA[test@spring.com]]>
              </value>
            </param>
            <param index="3">
              <value>
                <![CDATA[comments]]>
              </value>
            </param>
          </params>
          <reporter-output>
          </reporter-output>
        </test-method> <!-- positiveAllFields -->
        <test-method signature="positiveAllFields(java.lang.String,java.lang.String,java.lang.String,java.lang.String)[pri:0, instance:Test.SpringTest.testSce@2cac4385]" started-at="2024-10-04T18:30:15 IST" name="positiveAllFields" data-provider="dataSet2" finished-at="2024-10-04T18:30:24 IST" duration-ms="9529" status="PASS">
          <params>
            <param index="0">
              <value>
                <![CDATA[TEST USER 4]]>
              </value>
            </param>
            <param index="1">
              <value>
                <![CDATA[Last NAME U4]]>
              </value>
            </param>
            <param index="2">
              <value>
                <![CDATA[usernew@gmail.com]]>
              </value>
            </param>
            <param index="3">
              <value>
                <![CDATA[comments]]>
              </value>
            </param>
          </params>
          <reporter-output>
          </reporter-output>
        </test-method> <!-- positiveAllFields -->
        <test-method signature="positiveAllFields(java.lang.String,java.lang.String,java.lang.String,java.lang.String)[pri:0, instance:Test.SpringTest.testSce@2cac4385]" started-at="2024-10-04T18:30:24 IST" name="positiveAllFields" data-provider="dataSet2" finished-at="2024-10-04T18:30:33 IST" duration-ms="8406" status="PASS">
          <params>
            <param index="0">
              <value>
                <![CDATA[TEST USER 5]]>
              </value>
            </param>
            <param index="1">
              <value>
                <![CDATA[LAST NAME U5]]>
              </value>
            </param>
            <param index="2">
              <value>
                <![CDATA[.com]]>
              </value>
            </param>
            <param index="3">
              <value>
                <![CDATA[comments]]>
              </value>
            </param>
          </params>
          <reporter-output>
          </reporter-output>
        </test-method> <!-- positiveAllFields -->
      </class> <!-- Test.SpringTest.testSce -->
    </test> <!-- Default test -->
  </suite> <!-- Default suite -->
</testng-results>
